<?xml version="1.0" encoding="utf-8"?><testsuites name="pytest tests"><testsuite name="pytest" errors="0" failures="0" skipped="0" tests="16" time="17.108" timestamp="2026-04-05T09:31:16.510864+00:00" hostname="agent-env-1ee491cf-78cf-4998-9116-4eef5e5c3ddf"><testcase classname="backend.tests.test_bugfixes_iteration12.TestMSFDiagnostics" name="test_msf_status_returns_diagnostics_fields" time="0.229" /><testcase classname="backend.tests.test_bugfixes_iteration12.TestMSFDiagnostics" name="test_msf_status_returns_error_and_hint_when_offline" time="0.139" /><testcase classname="backend.tests.test_bugfixes_iteration12.TestMSFDiagnostics" name="test_msf_diagnostics_endpoint" time="0.140" /><testcase classname="backend.tests.test_bugfixes_iteration12.TestMSFDiagnostics" name="test_msf_connect_forces_reconnect" time="0.146" /><testcase classname="backend.tests.test_bugfixes_iteration12.TestSliverConfigValidation" name="test_sliver_status_returns_validation_error_when_empty" time="0.139" /><testcase classname="backend.tests.test_bugfixes_iteration12.TestSliverConfigValidation" name="test_sliver_reconnect_endpoint" time="0.162" /><testcase classname="backend.tests.test_bugfixes_iteration12.TestC2ReconnectAndDashboard" name="test_c2_reconnect_both_services" time="0.170" /><testcase classname="backend.tests.test_bugfixes_iteration12.TestC2ReconnectAndDashboard" name="test_c2_dashboard_returns_both_services_with_diagnostics" time="0.135" /><testcase classname="backend.tests.test_bugfixes_iteration12.TestAttackTreeNodesFormat" name="test_scan_returns_attack_tree_with_nodes_as_dict" time="7.301" /><testcase classname="backend.tests.test_bugfixes_iteration12.TestScanCompletion" name="test_scan_completes_within_timeout" time="7.156" /><testcase classname="backend.tests.test_bugfixes_iteration12.TestAllNavigationEndpoints" name="test_mitre_tactics_endpoint" time="0.138" /><testcase classname="backend.tests.test_bugfixes_iteration12.TestAllNavigationEndpoints" name="test_chains_endpoint" time="0.154" /><testcase classname="backend.tests.test_bugfixes_iteration12.TestAllNavigationEndpoints" name="test_metasploit_modules_endpoint" time="0.144" /><testcase classname="backend.tests.test_bugfixes_iteration12.TestAllNavigationEndpoints" name="test_scan_history_endpoint" time="0.142" /><testcase classname="backend.tests.test_bugfixes_iteration12.TestAllNavigationEndpoints" name="test_config_endpoint" time="0.137" /><testcase classname="backend.tests.test_bugfixes_iteration12.TestAllNavigationEndpoints" name="test_payloads_templates_endpoint" time="0.144" /></testsuite></testsuites>