<?xml version="1.0" encoding="utf-8"?><testsuites name="pytest tests"><testsuite name="pytest" errors="0" failures="0" skipped="0" tests="14" time="12.400" timestamp="2026-04-05T05:45:40.293253+00:00" hostname="agent-env-1ee491cf-78cf-4998-9116-4eef5e5c3ddf"><testcase classname="backend.tests.test_payload_lhost_injection.TestGlobalConfig" name="test_get_config" time="0.282" /><testcase classname="backend.tests.test_payload_lhost_injection.TestGlobalConfig" name="test_update_config_persists" time="0.299" /><testcase classname="backend.tests.test_payload_lhost_injection.TestPayloadTemplates" name="test_get_payload_templates_returns_11" time="0.322" /><testcase classname="backend.tests.test_payload_lhost_injection.TestPayloadTemplates" name="test_payload_templates_have_lhost_in_commands" time="0.317" /><testcase classname="backend.tests.test_payload_lhost_injection.TestPayloadGeneration" name="test_generate_bash_reverse_has_lhost" time="0.328" /><testcase classname="backend.tests.test_payload_lhost_injection.TestPayloadGeneration" name="test_generate_windows_meterpreter_has_lhost" time="0.316" /><testcase classname="backend.tests.test_payload_lhost_injection.TestPayloadGeneration" name="test_generate_powershell_reverse_has_lhost" time="0.285" /><testcase classname="backend.tests.test_payload_lhost_injection.TestPayloadGeneration" name="test_generate_sliver_session_has_mtls_lhost" time="0.300" /><testcase classname="backend.tests.test_payload_lhost_injection.TestPayloadGeneration" name="test_generate_without_lhost_returns_400" time="0.450" /><testcase classname="backend.tests.test_payload_lhost_injection.TestChainLhostInjection" name="test_chain_generate_injects_lhost" time="0.287" /><testcase classname="backend.tests.test_payload_lhost_injection.TestChainLhostInjection" name="test_chain_execute_injects_lhost" time="0.452" /><testcase classname="backend.tests.test_payload_lhost_injection.TestMetasploitLhostInjection" name="test_msf_execute_rc_contains_lhost" time="0.318" /><testcase classname="backend.tests.test_payload_lhost_injection.TestScanFlow" name="test_scan_start_returns_scan_id" time="0.251" /><testcase classname="backend.tests.test_payload_lhost_injection.TestScanFlow" name="test_scan_status_completes" time="7.772" /></testsuite></testsuites>