<?xml version="1.0" encoding="utf-8"?><testsuites name="pytest tests"><testsuite name="pytest" errors="0" failures="0" skipped="0" tests="15" time="8.247" timestamp="2026-04-05T13:33:26.952791+00:00" hostname="agent-env-1ee491cf-78cf-4998-9116-4eef5e5c3ddf"><testcase classname="backend.tests.test_api_v5.TestRootEndpoint" name="test_root_returns_version_5" time="0.337" /><testcase classname="backend.tests.test_api_v5.TestHealthEndpoint" name="test_health_returns_mongodb_connected" time="0.218" /><testcase classname="backend.tests.test_api_v5.TestHealthEndpoint" name="test_health_returns_listener_configured" time="0.199" /><testcase classname="backend.tests.test_api_v5.TestHealthEndpoint" name="test_health_returns_msf_status" time="0.244" /><testcase classname="backend.tests.test_api_v5.TestHealthEndpoint" name="test_health_returns_sliver_status" time="0.249" /><testcase classname="backend.tests.test_api_v5.TestConfigEndpoint" name="test_config_returns_listener_ip" time="0.231" /><testcase classname="backend.tests.test_api_v5.TestConfigEndpoint" name="test_config_update" time="0.404" /><testcase classname="backend.tests.test_api_v5.TestPayloadsEndpoint" name="test_payloads_returns_11_templates" time="0.163" /><testcase classname="backend.tests.test_api_v5.TestPayloadsEndpoint" name="test_payloads_have_lhost" time="0.200" /><testcase classname="backend.tests.test_api_v5.TestPayloadsEndpoint" name="test_payload_generate" time="0.158" /><testcase classname="backend.tests.test_api_v5.TestC2Dashboard" name="test_c2_dashboard_returns_msf_diagnostics" time="0.166" /><testcase classname="backend.tests.test_api_v5.TestC2Dashboard" name="test_c2_dashboard_returns_sliver_diagnostics" time="0.149" /><testcase classname="backend.tests.test_api_v5.TestMSFDiagnostics" name="test_msf_diagnostics_has_port_reachable" time="0.164" /><testcase classname="backend.tests.test_api_v5.TestScanEndpoints" name="test_scan_start_and_status" time="4.436" /><testcase classname="backend.tests.test_api_v5.TestChainsEndpoint" name="test_chains_returns_6" time="0.165" /></testsuite></testsuites>